<?xml version="1.0" encoding="UTF-8"?>
<testsuites>
  <testsuite id="0" name="/Users/robertirwin/dev/fictional-guacamole/src/App.test.js" errors="0" package="/Users/robertirwin/dev/fictional-guacamole/src/App.test.js" hostname="localhost" tests="1" failures="0" time="0.461" timestamp="2018-08-23T01:42:30">
    <properties>
    </properties>
    <testcase classname="renders without crashing" name="renders without crashing" time="0">
    </testcase>
    <system-out/>
    <system-err/>
  </testsuite>
</testsuites>